<?xml version="1.0" encoding="UTF-8"?>
<!-- Generated by org.testng.reporters.JUnitReportReporter -->
<testsuite hostname="DESKTOP-6F1I9VR" failures="0" tests="1" name="Appiumclass.NewEcommerceApp" time="32.862" errors="0" timestamp="2023-09-27T13:04:52 IST" skipped="0">
  <testcase classname="Appiumclass.NewEcommerceApp" name="EcommerceApp" time="32.862"/>
  <system-out/>
</testsuite> <!-- Appiumclass.NewEcommerceApp -->
