<?xml version="1.0" encoding="UTF-8"?>
<!-- Generated by org.testng.reporters.JUnitReportReporter -->
<testsuite hostname="DESKTOP-6F1I9VR" failures="0" tests="1" name="ECommerceApp.TestCase002" time="46.222" errors="0" timestamp="2023-09-27T18:02:20 IST" skipped="0">
  <testcase classname="ECommerceApp.TestCase002" name="TestCase2" time="46.222"/>
  <system-out/>
</testsuite> <!-- ECommerceApp.TestCase002 -->
