<?xml version="1.0" encoding="UTF-8"?>
<!-- Generated by org.testng.reporters.JUnitReportReporter -->
<testsuite hostname="DESKTOP-6F1I9VR" failures="0" tests="1" name="Appiumclass.MisclaneousItems" time="23.715" errors="0" timestamp="2023-09-21T18:06:09 IST" skipped="0">
  <testcase classname="Appiumclass.MisclaneousItems" name="MisclanousItems" time="23.715"/>
  <system-out/>
</testsuite> <!-- Appiumclass.MisclaneousItems -->
