<?xml version="1.0" encoding="UTF-8"?>
<!-- Generated by org.testng.reporters.JUnitReportReporter -->
<testsuite hostname="DESKTOP-6F1I9VR" failures="0" tests="1" name="Appiumclass.LongPress" time="18.699" errors="0" timestamp="2023-09-20T18:22:55 IST" skipped="0">
  <testcase classname="Appiumclass.LongPress" name="LongPressGesture" time="18.699"/>
  <system-out/>
</testsuite> <!-- Appiumclass.LongPress -->
