<?xml version="1.0" encoding="UTF-8"?>
<!-- Generated by org.testng.reporters.JUnitReportReporter -->
<testsuite hostname="DESKTOP-6F1I9VR" failures="0" tests="1" name="Appiumclass.ScrollGesture" time="26.113" errors="0" timestamp="2023-09-21T11:39:45 IST" skipped="0">
  <testcase classname="Appiumclass.ScrollGesture" name="ScrollingGesture" time="26.113"/>
  <system-out/>
</testsuite> <!-- Appiumclass.ScrollGesture -->
