<?xml version="1.0" encoding="UTF-8"?>
<!-- Generated by org.testng.reporters.JUnitReportReporter -->
<testsuite hostname="DESKTOP-6F1I9VR" failures="0" tests="1" name="ECommerceApp.TestCase003" time="73.242" errors="0" timestamp="2023-09-28T15:08:55 IST" skipped="0">
  <testcase classname="ECommerceApp.TestCase003" name="ProductPriceCpature" time="73.242"/>
  <system-out/>
</testsuite> <!-- ECommerceApp.TestCase003 -->
