<?xml version="1.0" encoding="UTF-8"?>
<!-- Generated by org.testng.reporters.JUnitReportReporter -->
<testsuite hostname="DESKTOP-6F1I9VR" failures="0" tests="1" name="Appiumclass.SwippingDemo" time="18.188" errors="0" timestamp="2023-09-21T13:48:06 IST" skipped="0">
  <testcase classname="Appiumclass.SwippingDemo" name="swippingDemos" time="18.188"/>
  <system-out/>
</testsuite> <!-- Appiumclass.SwippingDemo -->
