<?xml version="1.0" encoding="UTF-8"?>
<!-- Generated by org.testng.reporters.JUnitReportReporter -->
<testsuite hostname="DESKTOP-6F1I9VR" failures="0" tests="1" name="Appiumclass.LongPress" time="19.155" errors="0" timestamp="2023-09-21T11:51:31 IST" skipped="0">
  <testcase classname="Appiumclass.LongPress" name="LongPressGesture" time="19.155"/>
  <system-out/>
</testsuite> <!-- Appiumclass.LongPress -->
