<?xml version="1.0" encoding="UTF-8"?>
<!-- Generated by org.testng.reporters.JUnitReportReporter -->
<testsuite hostname="DESKTOP-6F1I9VR" failures="0" tests="1" name="Appiumclass.NewEcommerceApp" time="42.172" errors="0" timestamp="2023-09-23T12:45:58 IST" skipped="0">
  <testcase classname="Appiumclass.NewEcommerceApp" name="EcommerceApp" time="42.172"/>
  <system-out/>
</testsuite> <!-- Appiumclass.NewEcommerceApp -->
